c:\users\sami\documents\visual studio 2012\projects\wow_risk_ki_project\wow_risk_ki_project\debug\ai.obj
c:\users\sami\documents\visual studio 2012\projects\wow_risk_ki_project\wow_risk_ki_project\debug\camera.obj
c:\users\sami\documents\visual studio 2012\projects\wow_risk_ki_project\wow_risk_ki_project\debug\card.obj
c:\users\sami\documents\visual studio 2012\projects\wow_risk_ki_project\wow_risk_ki_project\debug\dice.obj
c:\users\sami\documents\visual studio 2012\projects\wow_risk_ki_project\wow_risk_ki_project\debug\attack.obj
c:\users\sami\documents\visual studio 2012\projects\wow_risk_ki_project\wow_risk_ki_project\debug\battlecalculation.obj
c:\users\sami\documents\visual studio 2012\projects\wow_risk_ki_project\wow_risk_ki_project\debug\faction.obj
c:\users\sami\documents\visual studio 2012\projects\wow_risk_ki_project\wow_risk_ki_project\debug\gameboard.obj
c:\users\sami\documents\visual studio 2012\projects\wow_risk_ki_project\wow_risk_ki_project\debug\main.obj
c:\users\sami\documents\visual studio 2012\projects\wow_risk_ki_project\wow_risk_ki_project\debug\player.obj
c:\users\sami\documents\visual studio 2012\projects\wow_risk_ki_project\wow_risk_ki_project\debug\territory.obj
c:\users\sami\documents\visual studio 2012\projects\wow_risk_ki_project\wow_risk_ki_project\debug\turn.obj
c:\users\sami\documents\visual studio 2012\projects\wow_risk_ki_project\wow_risk_ki_project\debug\unit.obj
c:\users\sami\documents\visual studio 2012\projects\wow_risk_ki_project\wow_risk_ki_project\debug\vc110.pdb
c:\users\sami\documents\visual studio 2012\projects\wow_risk_ki_project\wow_risk_ki_project\debug\data.obj
c:\users\sami\desktop\wow_risk_ki_project\wow_risk_ki_project\debug\ai.obj
c:\users\sami\desktop\wow_risk_ki_project\wow_risk_ki_project\debug\attack.obj
c:\users\sami\desktop\wow_risk_ki_project\wow_risk_ki_project\debug\battlecalculation.obj
c:\users\sami\desktop\wow_risk_ki_project\wow_risk_ki_project\debug\card.obj
c:\users\sami\desktop\wow_risk_ki_project\wow_risk_ki_project\debug\data.obj
c:\users\sami\desktop\wow_risk_ki_project\wow_risk_ki_project\debug\dice.obj
c:\users\sami\desktop\wow_risk_ki_project\wow_risk_ki_project\debug\faction.obj
c:\users\sami\desktop\wow_risk_ki_project\wow_risk_ki_project\debug\gameboard.obj
c:\users\sami\desktop\wow_risk_ki_project\wow_risk_ki_project\debug\main.obj
c:\users\sami\desktop\wow_risk_ki_project\wow_risk_ki_project\debug\player.obj
c:\users\sami\desktop\wow_risk_ki_project\wow_risk_ki_project\debug\territory.obj
c:\users\sami\desktop\wow_risk_ki_project\wow_risk_ki_project\debug\turn.obj
c:\users\sami\desktop\wow_risk_ki_project\wow_risk_ki_project\debug\unit.obj
c:\users\sami\desktop\wow_risk_ki_project\wow_risk_ki_project\debug\vc110.pdb
c:\users\sami\documents\visual studio 2012\projects\wow_risk_ki_project\debug\wow_risk_ki_project.ilk
c:\users\sami\documents\visual studio 2012\projects\wow_risk_ki_project\debug\wow_risk_ki_project.exe
c:\users\sami\documents\visual studio 2012\projects\wow_risk_ki_project\debug\wow_risk_ki_project.pdb
c:\users\sami\desktop\wow_risk_ki_project\debug\wow_risk_ki_project.ilk
c:\users\sami\desktop\wow_risk_ki_project\debug\wow_risk_ki_project.exe
c:\users\sami\desktop\wow_risk_ki_project\debug\wow_risk_ki_project.pdb
c:\users\sam\desktop\wow_risk_ki_project\wow_risk_ki_project\debug\vc140.pdb
c:\users\sam\desktop\wow_risk_ki_project\wow_risk_ki_project\debug\vc140.idb
c:\users\sam\desktop\wow_risk_ki_project\wow_risk_ki_project\debug\ai.obj
c:\users\sam\desktop\wow_risk_ki_project\wow_risk_ki_project\debug\attack.obj
c:\users\sam\desktop\wow_risk_ki_project\wow_risk_ki_project\debug\battlecalculation.obj
c:\users\sam\desktop\wow_risk_ki_project\wow_risk_ki_project\debug\card.obj
c:\users\sam\desktop\wow_risk_ki_project\wow_risk_ki_project\debug\data.obj
c:\users\sam\desktop\wow_risk_ki_project\wow_risk_ki_project\debug\dice.obj
c:\users\sam\desktop\wow_risk_ki_project\wow_risk_ki_project\debug\faction.obj
c:\users\sam\desktop\wow_risk_ki_project\wow_risk_ki_project\debug\gameboard.obj
c:\users\sam\desktop\wow_risk_ki_project\wow_risk_ki_project\debug\main.obj
c:\users\sam\desktop\wow_risk_ki_project\wow_risk_ki_project\debug\player.obj
c:\users\sam\desktop\wow_risk_ki_project\wow_risk_ki_project\debug\territory.obj
c:\users\sam\desktop\wow_risk_ki_project\wow_risk_ki_project\debug\turn.obj
c:\users\sam\desktop\wow_risk_ki_project\wow_risk_ki_project\debug\unit.obj
c:\users\sam\desktop\wow_risk_ki_project\wow_risk_ki_project\debug\camera.obj
c:\users\sam\desktop\wow_risk_ki_project\wow_risk_ki_project\debug\defend.obj
c:\users\sam\desktop\wow_risk_ki_project\wow_risk_ki_project\debug\cl.command.1.tlog
c:\users\sam\desktop\wow_risk_ki_project\wow_risk_ki_project\debug\cl.read.1.tlog
c:\users\sam\desktop\wow_risk_ki_project\wow_risk_ki_project\debug\cl.write.1.tlog
c:\users\sam\desktop\wow_risk_ki_project\wow_risk_ki_project\debug\link-cvtres.read.1.tlog
c:\users\sam\desktop\wow_risk_ki_project\wow_risk_ki_project\debug\link-cvtres.write.1.tlog
c:\users\sam\desktop\wow_risk_ki_project\wow_risk_ki_project\debug\link-rc.read.1.tlog
c:\users\sam\desktop\wow_risk_ki_project\wow_risk_ki_project\debug\link-rc.write.1.tlog
c:\users\sam\desktop\wow_risk_ki_project\wow_risk_ki_project\debug\link.10812-cvtres.read.1.tlog
c:\users\sam\desktop\wow_risk_ki_project\wow_risk_ki_project\debug\link.10812-cvtres.write.1.tlog
c:\users\sam\desktop\wow_risk_ki_project\wow_risk_ki_project\debug\link.10812-rc.read.1.tlog
c:\users\sam\desktop\wow_risk_ki_project\wow_risk_ki_project\debug\link.10812-rc.write.1.tlog
c:\users\sam\desktop\wow_risk_ki_project\wow_risk_ki_project\debug\link.10812.read.1.tlog
c:\users\sam\desktop\wow_risk_ki_project\wow_risk_ki_project\debug\link.10812.write.1.tlog
c:\users\sam\desktop\wow_risk_ki_project\wow_risk_ki_project\debug\link.11824-cvtres.read.1.tlog
c:\users\sam\desktop\wow_risk_ki_project\wow_risk_ki_project\debug\link.11824-cvtres.write.1.tlog
c:\users\sam\desktop\wow_risk_ki_project\wow_risk_ki_project\debug\link.11824-rc.read.1.tlog
c:\users\sam\desktop\wow_risk_ki_project\wow_risk_ki_project\debug\link.11824-rc.write.1.tlog
c:\users\sam\desktop\wow_risk_ki_project\wow_risk_ki_project\debug\link.11824.read.1.tlog
c:\users\sam\desktop\wow_risk_ki_project\wow_risk_ki_project\debug\link.11824.write.1.tlog
c:\users\sam\desktop\wow_risk_ki_project\wow_risk_ki_project\debug\link.1232-cvtres.read.1.tlog
c:\users\sam\desktop\wow_risk_ki_project\wow_risk_ki_project\debug\link.1232-cvtres.write.1.tlog
c:\users\sam\desktop\wow_risk_ki_project\wow_risk_ki_project\debug\link.1232-rc.read.1.tlog
c:\users\sam\desktop\wow_risk_ki_project\wow_risk_ki_project\debug\link.1232-rc.write.1.tlog
c:\users\sam\desktop\wow_risk_ki_project\wow_risk_ki_project\debug\link.1232.read.1.tlog
c:\users\sam\desktop\wow_risk_ki_project\wow_risk_ki_project\debug\link.1232.write.1.tlog
c:\users\sam\desktop\wow_risk_ki_project\wow_risk_ki_project\debug\link.1240-cvtres.read.1.tlog
c:\users\sam\desktop\wow_risk_ki_project\wow_risk_ki_project\debug\link.1240-cvtres.write.1.tlog
c:\users\sam\desktop\wow_risk_ki_project\wow_risk_ki_project\debug\link.1240-rc.read.1.tlog
c:\users\sam\desktop\wow_risk_ki_project\wow_risk_ki_project\debug\link.1240-rc.write.1.tlog
c:\users\sam\desktop\wow_risk_ki_project\wow_risk_ki_project\debug\link.1240.read.1.tlog
c:\users\sam\desktop\wow_risk_ki_project\wow_risk_ki_project\debug\link.1240.write.1.tlog
c:\users\sam\desktop\wow_risk_ki_project\wow_risk_ki_project\debug\link.1440-cvtres.read.1.tlog
c:\users\sam\desktop\wow_risk_ki_project\wow_risk_ki_project\debug\link.1440-cvtres.write.1.tlog
c:\users\sam\desktop\wow_risk_ki_project\wow_risk_ki_project\debug\link.1440-rc.read.1.tlog
c:\users\sam\desktop\wow_risk_ki_project\wow_risk_ki_project\debug\link.1440-rc.write.1.tlog
c:\users\sam\desktop\wow_risk_ki_project\wow_risk_ki_project\debug\link.1440.read.1.tlog
c:\users\sam\desktop\wow_risk_ki_project\wow_risk_ki_project\debug\link.1440.write.1.tlog
c:\users\sam\desktop\wow_risk_ki_project\wow_risk_ki_project\debug\link.1684-cvtres.read.1.tlog
c:\users\sam\desktop\wow_risk_ki_project\wow_risk_ki_project\debug\link.1684-cvtres.write.1.tlog
c:\users\sam\desktop\wow_risk_ki_project\wow_risk_ki_project\debug\link.1684-rc.read.1.tlog
c:\users\sam\desktop\wow_risk_ki_project\wow_risk_ki_project\debug\link.1684-rc.write.1.tlog
c:\users\sam\desktop\wow_risk_ki_project\wow_risk_ki_project\debug\link.1684.read.1.tlog
c:\users\sam\desktop\wow_risk_ki_project\wow_risk_ki_project\debug\link.1684.write.1.tlog
c:\users\sam\desktop\wow_risk_ki_project\wow_risk_ki_project\debug\link.1692-cvtres.read.1.tlog
c:\users\sam\desktop\wow_risk_ki_project\wow_risk_ki_project\debug\link.1692-cvtres.write.1.tlog
c:\users\sam\desktop\wow_risk_ki_project\wow_risk_ki_project\debug\link.1692-rc.read.1.tlog
c:\users\sam\desktop\wow_risk_ki_project\wow_risk_ki_project\debug\link.1692-rc.write.1.tlog
c:\users\sam\desktop\wow_risk_ki_project\wow_risk_ki_project\debug\link.1692.read.1.tlog
c:\users\sam\desktop\wow_risk_ki_project\wow_risk_ki_project\debug\link.1692.write.1.tlog
c:\users\sam\desktop\wow_risk_ki_project\wow_risk_ki_project\debug\link.1716-cvtres.read.1.tlog
c:\users\sam\desktop\wow_risk_ki_project\wow_risk_ki_project\debug\link.1716-cvtres.write.1.tlog
c:\users\sam\desktop\wow_risk_ki_project\wow_risk_ki_project\debug\link.1716-rc.read.1.tlog
c:\users\sam\desktop\wow_risk_ki_project\wow_risk_ki_project\debug\link.1716-rc.write.1.tlog
c:\users\sam\desktop\wow_risk_ki_project\wow_risk_ki_project\debug\link.1716.read.1.tlog
c:\users\sam\desktop\wow_risk_ki_project\wow_risk_ki_project\debug\link.1716.write.1.tlog
c:\users\sam\desktop\wow_risk_ki_project\wow_risk_ki_project\debug\link.1872-cvtres.read.1.tlog
c:\users\sam\desktop\wow_risk_ki_project\wow_risk_ki_project\debug\link.1872-cvtres.write.1.tlog
c:\users\sam\desktop\wow_risk_ki_project\wow_risk_ki_project\debug\link.1872-rc.read.1.tlog
c:\users\sam\desktop\wow_risk_ki_project\wow_risk_ki_project\debug\link.1872-rc.write.1.tlog
c:\users\sam\desktop\wow_risk_ki_project\wow_risk_ki_project\debug\link.1872.read.1.tlog
c:\users\sam\desktop\wow_risk_ki_project\wow_risk_ki_project\debug\link.1872.write.1.tlog
c:\users\sam\desktop\wow_risk_ki_project\wow_risk_ki_project\debug\link.1960-cvtres.read.1.tlog
c:\users\sam\desktop\wow_risk_ki_project\wow_risk_ki_project\debug\link.1960-cvtres.write.1.tlog
c:\users\sam\desktop\wow_risk_ki_project\wow_risk_ki_project\debug\link.1960-rc.read.1.tlog
c:\users\sam\desktop\wow_risk_ki_project\wow_risk_ki_project\debug\link.1960-rc.write.1.tlog
c:\users\sam\desktop\wow_risk_ki_project\wow_risk_ki_project\debug\link.1960.read.1.tlog
c:\users\sam\desktop\wow_risk_ki_project\wow_risk_ki_project\debug\link.1960.write.1.tlog
c:\users\sam\desktop\wow_risk_ki_project\wow_risk_ki_project\debug\link.1984-cvtres.read.1.tlog
c:\users\sam\desktop\wow_risk_ki_project\wow_risk_ki_project\debug\link.1984-cvtres.write.1.tlog
c:\users\sam\desktop\wow_risk_ki_project\wow_risk_ki_project\debug\link.1984-rc.read.1.tlog
c:\users\sam\desktop\wow_risk_ki_project\wow_risk_ki_project\debug\link.1984-rc.write.1.tlog
c:\users\sam\desktop\wow_risk_ki_project\wow_risk_ki_project\debug\link.1984.read.1.tlog
c:\users\sam\desktop\wow_risk_ki_project\wow_risk_ki_project\debug\link.1984.write.1.tlog
c:\users\sam\desktop\wow_risk_ki_project\wow_risk_ki_project\debug\link.2132-cvtres.read.1.tlog
c:\users\sam\desktop\wow_risk_ki_project\wow_risk_ki_project\debug\link.2132-cvtres.write.1.tlog
c:\users\sam\desktop\wow_risk_ki_project\wow_risk_ki_project\debug\link.2132-rc.read.1.tlog
c:\users\sam\desktop\wow_risk_ki_project\wow_risk_ki_project\debug\link.2132-rc.write.1.tlog
c:\users\sam\desktop\wow_risk_ki_project\wow_risk_ki_project\debug\link.2132.read.1.tlog
c:\users\sam\desktop\wow_risk_ki_project\wow_risk_ki_project\debug\link.2132.write.1.tlog
c:\users\sam\desktop\wow_risk_ki_project\wow_risk_ki_project\debug\link.2536-cvtres.read.1.tlog
c:\users\sam\desktop\wow_risk_ki_project\wow_risk_ki_project\debug\link.2536-cvtres.write.1.tlog
c:\users\sam\desktop\wow_risk_ki_project\wow_risk_ki_project\debug\link.2536-rc.read.1.tlog
c:\users\sam\desktop\wow_risk_ki_project\wow_risk_ki_project\debug\link.2536-rc.write.1.tlog
c:\users\sam\desktop\wow_risk_ki_project\wow_risk_ki_project\debug\link.2536.read.1.tlog
c:\users\sam\desktop\wow_risk_ki_project\wow_risk_ki_project\debug\link.2536.write.1.tlog
c:\users\sam\desktop\wow_risk_ki_project\wow_risk_ki_project\debug\link.2592-cvtres.read.1.tlog
c:\users\sam\desktop\wow_risk_ki_project\wow_risk_ki_project\debug\link.2592-cvtres.write.1.tlog
c:\users\sam\desktop\wow_risk_ki_project\wow_risk_ki_project\debug\link.2592-rc.read.1.tlog
c:\users\sam\desktop\wow_risk_ki_project\wow_risk_ki_project\debug\link.2592-rc.write.1.tlog
c:\users\sam\desktop\wow_risk_ki_project\wow_risk_ki_project\debug\link.2592.read.1.tlog
c:\users\sam\desktop\wow_risk_ki_project\wow_risk_ki_project\debug\link.2592.write.1.tlog
c:\users\sam\desktop\wow_risk_ki_project\wow_risk_ki_project\debug\link.2644-cvtres.read.1.tlog
c:\users\sam\desktop\wow_risk_ki_project\wow_risk_ki_project\debug\link.2644-cvtres.write.1.tlog
c:\users\sam\desktop\wow_risk_ki_project\wow_risk_ki_project\debug\link.2644-rc.read.1.tlog
c:\users\sam\desktop\wow_risk_ki_project\wow_risk_ki_project\debug\link.2644-rc.write.1.tlog
c:\users\sam\desktop\wow_risk_ki_project\wow_risk_ki_project\debug\link.2644.read.1.tlog
c:\users\sam\desktop\wow_risk_ki_project\wow_risk_ki_project\debug\link.2644.write.1.tlog
c:\users\sam\desktop\wow_risk_ki_project\wow_risk_ki_project\debug\link.2712-cvtres.read.1.tlog
c:\users\sam\desktop\wow_risk_ki_project\wow_risk_ki_project\debug\link.2712-cvtres.write.1.tlog
c:\users\sam\desktop\wow_risk_ki_project\wow_risk_ki_project\debug\link.2712-rc.read.1.tlog
c:\users\sam\desktop\wow_risk_ki_project\wow_risk_ki_project\debug\link.2712-rc.write.1.tlog
c:\users\sam\desktop\wow_risk_ki_project\wow_risk_ki_project\debug\link.2712.read.1.tlog
c:\users\sam\desktop\wow_risk_ki_project\wow_risk_ki_project\debug\link.2712.write.1.tlog
c:\users\sam\desktop\wow_risk_ki_project\wow_risk_ki_project\debug\link.2840-cvtres.read.1.tlog
c:\users\sam\desktop\wow_risk_ki_project\wow_risk_ki_project\debug\link.2840-cvtres.write.1.tlog
c:\users\sam\desktop\wow_risk_ki_project\wow_risk_ki_project\debug\link.2840-rc.read.1.tlog
c:\users\sam\desktop\wow_risk_ki_project\wow_risk_ki_project\debug\link.2840-rc.write.1.tlog
c:\users\sam\desktop\wow_risk_ki_project\wow_risk_ki_project\debug\link.2840.read.1.tlog
c:\users\sam\desktop\wow_risk_ki_project\wow_risk_ki_project\debug\link.2840.write.1.tlog
c:\users\sam\desktop\wow_risk_ki_project\wow_risk_ki_project\debug\link.2964-cvtres.read.1.tlog
c:\users\sam\desktop\wow_risk_ki_project\wow_risk_ki_project\debug\link.2964-cvtres.write.1.tlog
c:\users\sam\desktop\wow_risk_ki_project\wow_risk_ki_project\debug\link.2964-rc.read.1.tlog
c:\users\sam\desktop\wow_risk_ki_project\wow_risk_ki_project\debug\link.2964-rc.write.1.tlog
c:\users\sam\desktop\wow_risk_ki_project\wow_risk_ki_project\debug\link.2964.read.1.tlog
c:\users\sam\desktop\wow_risk_ki_project\wow_risk_ki_project\debug\link.2964.write.1.tlog
c:\users\sam\desktop\wow_risk_ki_project\wow_risk_ki_project\debug\link.3052-cvtres.read.1.tlog
c:\users\sam\desktop\wow_risk_ki_project\wow_risk_ki_project\debug\link.3052-cvtres.write.1.tlog
c:\users\sam\desktop\wow_risk_ki_project\wow_risk_ki_project\debug\link.3052-rc.read.1.tlog
c:\users\sam\desktop\wow_risk_ki_project\wow_risk_ki_project\debug\link.3052-rc.write.1.tlog
c:\users\sam\desktop\wow_risk_ki_project\wow_risk_ki_project\debug\link.3052.read.1.tlog
c:\users\sam\desktop\wow_risk_ki_project\wow_risk_ki_project\debug\link.3052.write.1.tlog
c:\users\sam\desktop\wow_risk_ki_project\wow_risk_ki_project\debug\link.3164-cvtres.read.1.tlog
c:\users\sam\desktop\wow_risk_ki_project\wow_risk_ki_project\debug\link.3164-cvtres.write.1.tlog
c:\users\sam\desktop\wow_risk_ki_project\wow_risk_ki_project\debug\link.3164-rc.read.1.tlog
c:\users\sam\desktop\wow_risk_ki_project\wow_risk_ki_project\debug\link.3164-rc.write.1.tlog
c:\users\sam\desktop\wow_risk_ki_project\wow_risk_ki_project\debug\link.3164.read.1.tlog
c:\users\sam\desktop\wow_risk_ki_project\wow_risk_ki_project\debug\link.3164.write.1.tlog
c:\users\sam\desktop\wow_risk_ki_project\wow_risk_ki_project\debug\link.3180-cvtres.read.1.tlog
c:\users\sam\desktop\wow_risk_ki_project\wow_risk_ki_project\debug\link.3180-cvtres.write.1.tlog
c:\users\sam\desktop\wow_risk_ki_project\wow_risk_ki_project\debug\link.3180-rc.read.1.tlog
c:\users\sam\desktop\wow_risk_ki_project\wow_risk_ki_project\debug\link.3180-rc.write.1.tlog
c:\users\sam\desktop\wow_risk_ki_project\wow_risk_ki_project\debug\link.3180.read.1.tlog
c:\users\sam\desktop\wow_risk_ki_project\wow_risk_ki_project\debug\link.3180.write.1.tlog
c:\users\sam\desktop\wow_risk_ki_project\wow_risk_ki_project\debug\link.3304-cvtres.read.1.tlog
c:\users\sam\desktop\wow_risk_ki_project\wow_risk_ki_project\debug\link.3304-cvtres.write.1.tlog
c:\users\sam\desktop\wow_risk_ki_project\wow_risk_ki_project\debug\link.3304-rc.read.1.tlog
c:\users\sam\desktop\wow_risk_ki_project\wow_risk_ki_project\debug\link.3304-rc.write.1.tlog
c:\users\sam\desktop\wow_risk_ki_project\wow_risk_ki_project\debug\link.3304.read.1.tlog
c:\users\sam\desktop\wow_risk_ki_project\wow_risk_ki_project\debug\link.3304.write.1.tlog
c:\users\sam\desktop\wow_risk_ki_project\wow_risk_ki_project\debug\link.3500-cvtres.read.1.tlog
c:\users\sam\desktop\wow_risk_ki_project\wow_risk_ki_project\debug\link.3500-cvtres.write.1.tlog
c:\users\sam\desktop\wow_risk_ki_project\wow_risk_ki_project\debug\link.3500-rc.read.1.tlog
c:\users\sam\desktop\wow_risk_ki_project\wow_risk_ki_project\debug\link.3500-rc.write.1.tlog
c:\users\sam\desktop\wow_risk_ki_project\wow_risk_ki_project\debug\link.3500.read.1.tlog
c:\users\sam\desktop\wow_risk_ki_project\wow_risk_ki_project\debug\link.3500.write.1.tlog
c:\users\sam\desktop\wow_risk_ki_project\wow_risk_ki_project\debug\link.3512-cvtres.read.1.tlog
c:\users\sam\desktop\wow_risk_ki_project\wow_risk_ki_project\debug\link.3512-cvtres.write.1.tlog
c:\users\sam\desktop\wow_risk_ki_project\wow_risk_ki_project\debug\link.3512-rc.read.1.tlog
c:\users\sam\desktop\wow_risk_ki_project\wow_risk_ki_project\debug\link.3512-rc.write.1.tlog
c:\users\sam\desktop\wow_risk_ki_project\wow_risk_ki_project\debug\link.3512.read.1.tlog
c:\users\sam\desktop\wow_risk_ki_project\wow_risk_ki_project\debug\link.3512.write.1.tlog
c:\users\sam\desktop\wow_risk_ki_project\wow_risk_ki_project\debug\link.3584-cvtres.read.1.tlog
c:\users\sam\desktop\wow_risk_ki_project\wow_risk_ki_project\debug\link.3584-cvtres.write.1.tlog
c:\users\sam\desktop\wow_risk_ki_project\wow_risk_ki_project\debug\link.3584-rc.read.1.tlog
c:\users\sam\desktop\wow_risk_ki_project\wow_risk_ki_project\debug\link.3584-rc.write.1.tlog
c:\users\sam\desktop\wow_risk_ki_project\wow_risk_ki_project\debug\link.3584.read.1.tlog
c:\users\sam\desktop\wow_risk_ki_project\wow_risk_ki_project\debug\link.3584.write.1.tlog
c:\users\sam\desktop\wow_risk_ki_project\wow_risk_ki_project\debug\link.3828-cvtres.read.1.tlog
c:\users\sam\desktop\wow_risk_ki_project\wow_risk_ki_project\debug\link.3828-cvtres.write.1.tlog
c:\users\sam\desktop\wow_risk_ki_project\wow_risk_ki_project\debug\link.3828-rc.read.1.tlog
c:\users\sam\desktop\wow_risk_ki_project\wow_risk_ki_project\debug\link.3828-rc.write.1.tlog
c:\users\sam\desktop\wow_risk_ki_project\wow_risk_ki_project\debug\link.3828.read.1.tlog
c:\users\sam\desktop\wow_risk_ki_project\wow_risk_ki_project\debug\link.3828.write.1.tlog
c:\users\sam\desktop\wow_risk_ki_project\wow_risk_ki_project\debug\link.3892-cvtres.read.1.tlog
c:\users\sam\desktop\wow_risk_ki_project\wow_risk_ki_project\debug\link.3892-cvtres.write.1.tlog
c:\users\sam\desktop\wow_risk_ki_project\wow_risk_ki_project\debug\link.3892-rc.read.1.tlog
c:\users\sam\desktop\wow_risk_ki_project\wow_risk_ki_project\debug\link.3892-rc.write.1.tlog
c:\users\sam\desktop\wow_risk_ki_project\wow_risk_ki_project\debug\link.3892.read.1.tlog
c:\users\sam\desktop\wow_risk_ki_project\wow_risk_ki_project\debug\link.3892.write.1.tlog
c:\users\sam\desktop\wow_risk_ki_project\wow_risk_ki_project\debug\link.4088-cvtres.read.1.tlog
c:\users\sam\desktop\wow_risk_ki_project\wow_risk_ki_project\debug\link.4088-cvtres.write.1.tlog
c:\users\sam\desktop\wow_risk_ki_project\wow_risk_ki_project\debug\link.4088-rc.read.1.tlog
c:\users\sam\desktop\wow_risk_ki_project\wow_risk_ki_project\debug\link.4088-rc.write.1.tlog
c:\users\sam\desktop\wow_risk_ki_project\wow_risk_ki_project\debug\link.4088.read.1.tlog
c:\users\sam\desktop\wow_risk_ki_project\wow_risk_ki_project\debug\link.4088.write.1.tlog
c:\users\sam\desktop\wow_risk_ki_project\wow_risk_ki_project\debug\link.4108-cvtres.read.1.tlog
c:\users\sam\desktop\wow_risk_ki_project\wow_risk_ki_project\debug\link.4108-cvtres.write.1.tlog
c:\users\sam\desktop\wow_risk_ki_project\wow_risk_ki_project\debug\link.4108-rc.read.1.tlog
c:\users\sam\desktop\wow_risk_ki_project\wow_risk_ki_project\debug\link.4108-rc.write.1.tlog
c:\users\sam\desktop\wow_risk_ki_project\wow_risk_ki_project\debug\link.4108.read.1.tlog
c:\users\sam\desktop\wow_risk_ki_project\wow_risk_ki_project\debug\link.4108.write.1.tlog
c:\users\sam\desktop\wow_risk_ki_project\wow_risk_ki_project\debug\link.4192-cvtres.read.1.tlog
c:\users\sam\desktop\wow_risk_ki_project\wow_risk_ki_project\debug\link.4192-cvtres.write.1.tlog
c:\users\sam\desktop\wow_risk_ki_project\wow_risk_ki_project\debug\link.4192-rc.read.1.tlog
c:\users\sam\desktop\wow_risk_ki_project\wow_risk_ki_project\debug\link.4192-rc.write.1.tlog
c:\users\sam\desktop\wow_risk_ki_project\wow_risk_ki_project\debug\link.4192.read.1.tlog
c:\users\sam\desktop\wow_risk_ki_project\wow_risk_ki_project\debug\link.4192.write.1.tlog
c:\users\sam\desktop\wow_risk_ki_project\wow_risk_ki_project\debug\link.4280-cvtres.read.1.tlog
c:\users\sam\desktop\wow_risk_ki_project\wow_risk_ki_project\debug\link.4280-cvtres.write.1.tlog
c:\users\sam\desktop\wow_risk_ki_project\wow_risk_ki_project\debug\link.4280-rc.read.1.tlog
c:\users\sam\desktop\wow_risk_ki_project\wow_risk_ki_project\debug\link.4280-rc.write.1.tlog
c:\users\sam\desktop\wow_risk_ki_project\wow_risk_ki_project\debug\link.4280.read.1.tlog
c:\users\sam\desktop\wow_risk_ki_project\wow_risk_ki_project\debug\link.4280.write.1.tlog
c:\users\sam\desktop\wow_risk_ki_project\wow_risk_ki_project\debug\link.4440-cvtres.read.1.tlog
c:\users\sam\desktop\wow_risk_ki_project\wow_risk_ki_project\debug\link.4440-cvtres.write.1.tlog
c:\users\sam\desktop\wow_risk_ki_project\wow_risk_ki_project\debug\link.4440-rc.read.1.tlog
c:\users\sam\desktop\wow_risk_ki_project\wow_risk_ki_project\debug\link.4440-rc.write.1.tlog
c:\users\sam\desktop\wow_risk_ki_project\wow_risk_ki_project\debug\link.4440.read.1.tlog
c:\users\sam\desktop\wow_risk_ki_project\wow_risk_ki_project\debug\link.4440.write.1.tlog
c:\users\sam\desktop\wow_risk_ki_project\wow_risk_ki_project\debug\link.4520-cvtres.read.1.tlog
c:\users\sam\desktop\wow_risk_ki_project\wow_risk_ki_project\debug\link.4520-cvtres.write.1.tlog
c:\users\sam\desktop\wow_risk_ki_project\wow_risk_ki_project\debug\link.4520-rc.read.1.tlog
c:\users\sam\desktop\wow_risk_ki_project\wow_risk_ki_project\debug\link.4520-rc.write.1.tlog
c:\users\sam\desktop\wow_risk_ki_project\wow_risk_ki_project\debug\link.4520.read.1.tlog
c:\users\sam\desktop\wow_risk_ki_project\wow_risk_ki_project\debug\link.4520.write.1.tlog
c:\users\sam\desktop\wow_risk_ki_project\wow_risk_ki_project\debug\link.4664-cvtres.read.1.tlog
c:\users\sam\desktop\wow_risk_ki_project\wow_risk_ki_project\debug\link.4664-cvtres.write.1.tlog
c:\users\sam\desktop\wow_risk_ki_project\wow_risk_ki_project\debug\link.4664-rc.read.1.tlog
c:\users\sam\desktop\wow_risk_ki_project\wow_risk_ki_project\debug\link.4664-rc.write.1.tlog
c:\users\sam\desktop\wow_risk_ki_project\wow_risk_ki_project\debug\link.4664.read.1.tlog
c:\users\sam\desktop\wow_risk_ki_project\wow_risk_ki_project\debug\link.4664.write.1.tlog
c:\users\sam\desktop\wow_risk_ki_project\wow_risk_ki_project\debug\link.4732-cvtres.read.1.tlog
c:\users\sam\desktop\wow_risk_ki_project\wow_risk_ki_project\debug\link.4732-cvtres.write.1.tlog
c:\users\sam\desktop\wow_risk_ki_project\wow_risk_ki_project\debug\link.4732-rc.read.1.tlog
c:\users\sam\desktop\wow_risk_ki_project\wow_risk_ki_project\debug\link.4732-rc.write.1.tlog
c:\users\sam\desktop\wow_risk_ki_project\wow_risk_ki_project\debug\link.4732.read.1.tlog
c:\users\sam\desktop\wow_risk_ki_project\wow_risk_ki_project\debug\link.4732.write.1.tlog
c:\users\sam\desktop\wow_risk_ki_project\wow_risk_ki_project\debug\link.4860-cvtres.read.1.tlog
c:\users\sam\desktop\wow_risk_ki_project\wow_risk_ki_project\debug\link.4860-cvtres.write.1.tlog
c:\users\sam\desktop\wow_risk_ki_project\wow_risk_ki_project\debug\link.4860-rc.read.1.tlog
c:\users\sam\desktop\wow_risk_ki_project\wow_risk_ki_project\debug\link.4860-rc.write.1.tlog
c:\users\sam\desktop\wow_risk_ki_project\wow_risk_ki_project\debug\link.4860.read.1.tlog
c:\users\sam\desktop\wow_risk_ki_project\wow_risk_ki_project\debug\link.4860.write.1.tlog
c:\users\sam\desktop\wow_risk_ki_project\wow_risk_ki_project\debug\link.4900-cvtres.read.1.tlog
c:\users\sam\desktop\wow_risk_ki_project\wow_risk_ki_project\debug\link.4900-cvtres.write.1.tlog
c:\users\sam\desktop\wow_risk_ki_project\wow_risk_ki_project\debug\link.4900-rc.read.1.tlog
c:\users\sam\desktop\wow_risk_ki_project\wow_risk_ki_project\debug\link.4900-rc.write.1.tlog
c:\users\sam\desktop\wow_risk_ki_project\wow_risk_ki_project\debug\link.4900.read.1.tlog
c:\users\sam\desktop\wow_risk_ki_project\wow_risk_ki_project\debug\link.4900.write.1.tlog
c:\users\sam\desktop\wow_risk_ki_project\wow_risk_ki_project\debug\link.4904-cvtres.read.1.tlog
c:\users\sam\desktop\wow_risk_ki_project\wow_risk_ki_project\debug\link.4904-cvtres.write.1.tlog
c:\users\sam\desktop\wow_risk_ki_project\wow_risk_ki_project\debug\link.4904-rc.read.1.tlog
c:\users\sam\desktop\wow_risk_ki_project\wow_risk_ki_project\debug\link.4904-rc.write.1.tlog
c:\users\sam\desktop\wow_risk_ki_project\wow_risk_ki_project\debug\link.4904.read.1.tlog
c:\users\sam\desktop\wow_risk_ki_project\wow_risk_ki_project\debug\link.4904.write.1.tlog
c:\users\sam\desktop\wow_risk_ki_project\wow_risk_ki_project\debug\link.4948-cvtres.read.1.tlog
c:\users\sam\desktop\wow_risk_ki_project\wow_risk_ki_project\debug\link.4948-cvtres.write.1.tlog
c:\users\sam\desktop\wow_risk_ki_project\wow_risk_ki_project\debug\link.4948-rc.read.1.tlog
c:\users\sam\desktop\wow_risk_ki_project\wow_risk_ki_project\debug\link.4948-rc.write.1.tlog
c:\users\sam\desktop\wow_risk_ki_project\wow_risk_ki_project\debug\link.4948.read.1.tlog
c:\users\sam\desktop\wow_risk_ki_project\wow_risk_ki_project\debug\link.4948.write.1.tlog
c:\users\sam\desktop\wow_risk_ki_project\wow_risk_ki_project\debug\link.4964-cvtres.read.1.tlog
c:\users\sam\desktop\wow_risk_ki_project\wow_risk_ki_project\debug\link.4964-cvtres.write.1.tlog
c:\users\sam\desktop\wow_risk_ki_project\wow_risk_ki_project\debug\link.4964-rc.read.1.tlog
c:\users\sam\desktop\wow_risk_ki_project\wow_risk_ki_project\debug\link.4964-rc.write.1.tlog
c:\users\sam\desktop\wow_risk_ki_project\wow_risk_ki_project\debug\link.4964.read.1.tlog
c:\users\sam\desktop\wow_risk_ki_project\wow_risk_ki_project\debug\link.4964.write.1.tlog
c:\users\sam\desktop\wow_risk_ki_project\wow_risk_ki_project\debug\link.4984-cvtres.read.1.tlog
c:\users\sam\desktop\wow_risk_ki_project\wow_risk_ki_project\debug\link.4984-cvtres.write.1.tlog
c:\users\sam\desktop\wow_risk_ki_project\wow_risk_ki_project\debug\link.4984-rc.read.1.tlog
c:\users\sam\desktop\wow_risk_ki_project\wow_risk_ki_project\debug\link.4984-rc.write.1.tlog
c:\users\sam\desktop\wow_risk_ki_project\wow_risk_ki_project\debug\link.4984.read.1.tlog
c:\users\sam\desktop\wow_risk_ki_project\wow_risk_ki_project\debug\link.4984.write.1.tlog
c:\users\sam\desktop\wow_risk_ki_project\wow_risk_ki_project\debug\link.5200-cvtres.read.1.tlog
c:\users\sam\desktop\wow_risk_ki_project\wow_risk_ki_project\debug\link.5200-cvtres.write.1.tlog
c:\users\sam\desktop\wow_risk_ki_project\wow_risk_ki_project\debug\link.5200-rc.read.1.tlog
c:\users\sam\desktop\wow_risk_ki_project\wow_risk_ki_project\debug\link.5200-rc.write.1.tlog
c:\users\sam\desktop\wow_risk_ki_project\wow_risk_ki_project\debug\link.5200.read.1.tlog
c:\users\sam\desktop\wow_risk_ki_project\wow_risk_ki_project\debug\link.5200.write.1.tlog
c:\users\sam\desktop\wow_risk_ki_project\wow_risk_ki_project\debug\link.5288-cvtres.read.1.tlog
c:\users\sam\desktop\wow_risk_ki_project\wow_risk_ki_project\debug\link.5288-cvtres.write.1.tlog
c:\users\sam\desktop\wow_risk_ki_project\wow_risk_ki_project\debug\link.5288-rc.read.1.tlog
c:\users\sam\desktop\wow_risk_ki_project\wow_risk_ki_project\debug\link.5288-rc.write.1.tlog
c:\users\sam\desktop\wow_risk_ki_project\wow_risk_ki_project\debug\link.5288.read.1.tlog
c:\users\sam\desktop\wow_risk_ki_project\wow_risk_ki_project\debug\link.5288.write.1.tlog
c:\users\sam\desktop\wow_risk_ki_project\wow_risk_ki_project\debug\link.5320-cvtres.read.1.tlog
c:\users\sam\desktop\wow_risk_ki_project\wow_risk_ki_project\debug\link.5320-cvtres.write.1.tlog
c:\users\sam\desktop\wow_risk_ki_project\wow_risk_ki_project\debug\link.5320-rc.read.1.tlog
c:\users\sam\desktop\wow_risk_ki_project\wow_risk_ki_project\debug\link.5320-rc.write.1.tlog
c:\users\sam\desktop\wow_risk_ki_project\wow_risk_ki_project\debug\link.5320.read.1.tlog
c:\users\sam\desktop\wow_risk_ki_project\wow_risk_ki_project\debug\link.5320.write.1.tlog
c:\users\sam\desktop\wow_risk_ki_project\wow_risk_ki_project\debug\link.5328-cvtres.read.1.tlog
c:\users\sam\desktop\wow_risk_ki_project\wow_risk_ki_project\debug\link.5328-cvtres.write.1.tlog
c:\users\sam\desktop\wow_risk_ki_project\wow_risk_ki_project\debug\link.5328-rc.read.1.tlog
c:\users\sam\desktop\wow_risk_ki_project\wow_risk_ki_project\debug\link.5328-rc.write.1.tlog
c:\users\sam\desktop\wow_risk_ki_project\wow_risk_ki_project\debug\link.5328.read.1.tlog
c:\users\sam\desktop\wow_risk_ki_project\wow_risk_ki_project\debug\link.5328.write.1.tlog
c:\users\sam\desktop\wow_risk_ki_project\wow_risk_ki_project\debug\link.5468-cvtres.read.1.tlog
c:\users\sam\desktop\wow_risk_ki_project\wow_risk_ki_project\debug\link.5468-cvtres.write.1.tlog
c:\users\sam\desktop\wow_risk_ki_project\wow_risk_ki_project\debug\link.5468-rc.read.1.tlog
c:\users\sam\desktop\wow_risk_ki_project\wow_risk_ki_project\debug\link.5468-rc.write.1.tlog
c:\users\sam\desktop\wow_risk_ki_project\wow_risk_ki_project\debug\link.5468.read.1.tlog
c:\users\sam\desktop\wow_risk_ki_project\wow_risk_ki_project\debug\link.5468.write.1.tlog
c:\users\sam\desktop\wow_risk_ki_project\wow_risk_ki_project\debug\link.5532-cvtres.read.1.tlog
c:\users\sam\desktop\wow_risk_ki_project\wow_risk_ki_project\debug\link.5532-cvtres.write.1.tlog
c:\users\sam\desktop\wow_risk_ki_project\wow_risk_ki_project\debug\link.5532-rc.read.1.tlog
c:\users\sam\desktop\wow_risk_ki_project\wow_risk_ki_project\debug\link.5532-rc.write.1.tlog
c:\users\sam\desktop\wow_risk_ki_project\wow_risk_ki_project\debug\link.5532.read.1.tlog
c:\users\sam\desktop\wow_risk_ki_project\wow_risk_ki_project\debug\link.5532.write.1.tlog
c:\users\sam\desktop\wow_risk_ki_project\wow_risk_ki_project\debug\link.5560-cvtres.read.1.tlog
c:\users\sam\desktop\wow_risk_ki_project\wow_risk_ki_project\debug\link.5560-cvtres.write.1.tlog
c:\users\sam\desktop\wow_risk_ki_project\wow_risk_ki_project\debug\link.5560-rc.read.1.tlog
c:\users\sam\desktop\wow_risk_ki_project\wow_risk_ki_project\debug\link.5560-rc.write.1.tlog
c:\users\sam\desktop\wow_risk_ki_project\wow_risk_ki_project\debug\link.5560.read.1.tlog
c:\users\sam\desktop\wow_risk_ki_project\wow_risk_ki_project\debug\link.5560.write.1.tlog
c:\users\sam\desktop\wow_risk_ki_project\wow_risk_ki_project\debug\link.5608-cvtres.read.1.tlog
c:\users\sam\desktop\wow_risk_ki_project\wow_risk_ki_project\debug\link.5608-cvtres.write.1.tlog
c:\users\sam\desktop\wow_risk_ki_project\wow_risk_ki_project\debug\link.5608-rc.read.1.tlog
c:\users\sam\desktop\wow_risk_ki_project\wow_risk_ki_project\debug\link.5608-rc.write.1.tlog
c:\users\sam\desktop\wow_risk_ki_project\wow_risk_ki_project\debug\link.5608.read.1.tlog
c:\users\sam\desktop\wow_risk_ki_project\wow_risk_ki_project\debug\link.5608.write.1.tlog
c:\users\sam\desktop\wow_risk_ki_project\wow_risk_ki_project\debug\link.5736-cvtres.read.1.tlog
c:\users\sam\desktop\wow_risk_ki_project\wow_risk_ki_project\debug\link.5736-cvtres.write.1.tlog
c:\users\sam\desktop\wow_risk_ki_project\wow_risk_ki_project\debug\link.5736-rc.read.1.tlog
c:\users\sam\desktop\wow_risk_ki_project\wow_risk_ki_project\debug\link.5736-rc.write.1.tlog
c:\users\sam\desktop\wow_risk_ki_project\wow_risk_ki_project\debug\link.5736.read.1.tlog
c:\users\sam\desktop\wow_risk_ki_project\wow_risk_ki_project\debug\link.5736.write.1.tlog
c:\users\sam\desktop\wow_risk_ki_project\wow_risk_ki_project\debug\link.5848-cvtres.read.1.tlog
c:\users\sam\desktop\wow_risk_ki_project\wow_risk_ki_project\debug\link.5848-cvtres.write.1.tlog
c:\users\sam\desktop\wow_risk_ki_project\wow_risk_ki_project\debug\link.5848-rc.read.1.tlog
c:\users\sam\desktop\wow_risk_ki_project\wow_risk_ki_project\debug\link.5848-rc.write.1.tlog
c:\users\sam\desktop\wow_risk_ki_project\wow_risk_ki_project\debug\link.5848.read.1.tlog
c:\users\sam\desktop\wow_risk_ki_project\wow_risk_ki_project\debug\link.5848.write.1.tlog
c:\users\sam\desktop\wow_risk_ki_project\wow_risk_ki_project\debug\link.5896-cvtres.read.1.tlog
c:\users\sam\desktop\wow_risk_ki_project\wow_risk_ki_project\debug\link.5896-cvtres.write.1.tlog
c:\users\sam\desktop\wow_risk_ki_project\wow_risk_ki_project\debug\link.5896-rc.read.1.tlog
c:\users\sam\desktop\wow_risk_ki_project\wow_risk_ki_project\debug\link.5896-rc.write.1.tlog
c:\users\sam\desktop\wow_risk_ki_project\wow_risk_ki_project\debug\link.5896.read.1.tlog
c:\users\sam\desktop\wow_risk_ki_project\wow_risk_ki_project\debug\link.5896.write.1.tlog
c:\users\sam\desktop\wow_risk_ki_project\wow_risk_ki_project\debug\link.5932-cvtres.read.1.tlog
c:\users\sam\desktop\wow_risk_ki_project\wow_risk_ki_project\debug\link.5932-cvtres.write.1.tlog
c:\users\sam\desktop\wow_risk_ki_project\wow_risk_ki_project\debug\link.5932-rc.read.1.tlog
c:\users\sam\desktop\wow_risk_ki_project\wow_risk_ki_project\debug\link.5932-rc.write.1.tlog
c:\users\sam\desktop\wow_risk_ki_project\wow_risk_ki_project\debug\link.5932.read.1.tlog
c:\users\sam\desktop\wow_risk_ki_project\wow_risk_ki_project\debug\link.5932.write.1.tlog
c:\users\sam\desktop\wow_risk_ki_project\wow_risk_ki_project\debug\link.6008-cvtres.read.1.tlog
c:\users\sam\desktop\wow_risk_ki_project\wow_risk_ki_project\debug\link.6008-cvtres.write.1.tlog
c:\users\sam\desktop\wow_risk_ki_project\wow_risk_ki_project\debug\link.6008-rc.read.1.tlog
c:\users\sam\desktop\wow_risk_ki_project\wow_risk_ki_project\debug\link.6008-rc.write.1.tlog
c:\users\sam\desktop\wow_risk_ki_project\wow_risk_ki_project\debug\link.6008.read.1.tlog
c:\users\sam\desktop\wow_risk_ki_project\wow_risk_ki_project\debug\link.6008.write.1.tlog
c:\users\sam\desktop\wow_risk_ki_project\wow_risk_ki_project\debug\link.6012-cvtres.read.1.tlog
c:\users\sam\desktop\wow_risk_ki_project\wow_risk_ki_project\debug\link.6012-cvtres.write.1.tlog
c:\users\sam\desktop\wow_risk_ki_project\wow_risk_ki_project\debug\link.6012-rc.read.1.tlog
c:\users\sam\desktop\wow_risk_ki_project\wow_risk_ki_project\debug\link.6012-rc.write.1.tlog
c:\users\sam\desktop\wow_risk_ki_project\wow_risk_ki_project\debug\link.6012.read.1.tlog
c:\users\sam\desktop\wow_risk_ki_project\wow_risk_ki_project\debug\link.6012.write.1.tlog
c:\users\sam\desktop\wow_risk_ki_project\wow_risk_ki_project\debug\link.6024-cvtres.read.1.tlog
c:\users\sam\desktop\wow_risk_ki_project\wow_risk_ki_project\debug\link.6024-cvtres.write.1.tlog
c:\users\sam\desktop\wow_risk_ki_project\wow_risk_ki_project\debug\link.6024-rc.read.1.tlog
c:\users\sam\desktop\wow_risk_ki_project\wow_risk_ki_project\debug\link.6024-rc.write.1.tlog
c:\users\sam\desktop\wow_risk_ki_project\wow_risk_ki_project\debug\link.6024.read.1.tlog
c:\users\sam\desktop\wow_risk_ki_project\wow_risk_ki_project\debug\link.6024.write.1.tlog
c:\users\sam\desktop\wow_risk_ki_project\wow_risk_ki_project\debug\link.6032-cvtres.read.1.tlog
c:\users\sam\desktop\wow_risk_ki_project\wow_risk_ki_project\debug\link.6032-cvtres.write.1.tlog
c:\users\sam\desktop\wow_risk_ki_project\wow_risk_ki_project\debug\link.6032-rc.read.1.tlog
c:\users\sam\desktop\wow_risk_ki_project\wow_risk_ki_project\debug\link.6032-rc.write.1.tlog
c:\users\sam\desktop\wow_risk_ki_project\wow_risk_ki_project\debug\link.6032.read.1.tlog
c:\users\sam\desktop\wow_risk_ki_project\wow_risk_ki_project\debug\link.6032.write.1.tlog
c:\users\sam\desktop\wow_risk_ki_project\wow_risk_ki_project\debug\link.6092-cvtres.read.1.tlog
c:\users\sam\desktop\wow_risk_ki_project\wow_risk_ki_project\debug\link.6092-cvtres.write.1.tlog
c:\users\sam\desktop\wow_risk_ki_project\wow_risk_ki_project\debug\link.6092-rc.read.1.tlog
c:\users\sam\desktop\wow_risk_ki_project\wow_risk_ki_project\debug\link.6092-rc.write.1.tlog
c:\users\sam\desktop\wow_risk_ki_project\wow_risk_ki_project\debug\link.6092.read.1.tlog
c:\users\sam\desktop\wow_risk_ki_project\wow_risk_ki_project\debug\link.6092.write.1.tlog
c:\users\sam\desktop\wow_risk_ki_project\wow_risk_ki_project\debug\link.6152-cvtres.read.1.tlog
c:\users\sam\desktop\wow_risk_ki_project\wow_risk_ki_project\debug\link.6152-cvtres.write.1.tlog
c:\users\sam\desktop\wow_risk_ki_project\wow_risk_ki_project\debug\link.6152-rc.read.1.tlog
c:\users\sam\desktop\wow_risk_ki_project\wow_risk_ki_project\debug\link.6152-rc.write.1.tlog
c:\users\sam\desktop\wow_risk_ki_project\wow_risk_ki_project\debug\link.6152.read.1.tlog
c:\users\sam\desktop\wow_risk_ki_project\wow_risk_ki_project\debug\link.6152.write.1.tlog
c:\users\sam\desktop\wow_risk_ki_project\wow_risk_ki_project\debug\link.6180-cvtres.read.1.tlog
c:\users\sam\desktop\wow_risk_ki_project\wow_risk_ki_project\debug\link.6180-cvtres.write.1.tlog
c:\users\sam\desktop\wow_risk_ki_project\wow_risk_ki_project\debug\link.6180-rc.read.1.tlog
c:\users\sam\desktop\wow_risk_ki_project\wow_risk_ki_project\debug\link.6180-rc.write.1.tlog
c:\users\sam\desktop\wow_risk_ki_project\wow_risk_ki_project\debug\link.6180.read.1.tlog
c:\users\sam\desktop\wow_risk_ki_project\wow_risk_ki_project\debug\link.6180.write.1.tlog
c:\users\sam\desktop\wow_risk_ki_project\wow_risk_ki_project\debug\link.6200-cvtres.read.1.tlog
c:\users\sam\desktop\wow_risk_ki_project\wow_risk_ki_project\debug\link.6200-cvtres.write.1.tlog
c:\users\sam\desktop\wow_risk_ki_project\wow_risk_ki_project\debug\link.6200-rc.read.1.tlog
c:\users\sam\desktop\wow_risk_ki_project\wow_risk_ki_project\debug\link.6200-rc.write.1.tlog
c:\users\sam\desktop\wow_risk_ki_project\wow_risk_ki_project\debug\link.6200.read.1.tlog
c:\users\sam\desktop\wow_risk_ki_project\wow_risk_ki_project\debug\link.6200.write.1.tlog
c:\users\sam\desktop\wow_risk_ki_project\wow_risk_ki_project\debug\link.6328-cvtres.read.1.tlog
c:\users\sam\desktop\wow_risk_ki_project\wow_risk_ki_project\debug\link.6328-cvtres.write.1.tlog
c:\users\sam\desktop\wow_risk_ki_project\wow_risk_ki_project\debug\link.6328-rc.read.1.tlog
c:\users\sam\desktop\wow_risk_ki_project\wow_risk_ki_project\debug\link.6328-rc.write.1.tlog
c:\users\sam\desktop\wow_risk_ki_project\wow_risk_ki_project\debug\link.6328.read.1.tlog
c:\users\sam\desktop\wow_risk_ki_project\wow_risk_ki_project\debug\link.6328.write.1.tlog
c:\users\sam\desktop\wow_risk_ki_project\wow_risk_ki_project\debug\link.6420-cvtres.read.1.tlog
c:\users\sam\desktop\wow_risk_ki_project\wow_risk_ki_project\debug\link.6420-cvtres.write.1.tlog
c:\users\sam\desktop\wow_risk_ki_project\wow_risk_ki_project\debug\link.6420-rc.read.1.tlog
c:\users\sam\desktop\wow_risk_ki_project\wow_risk_ki_project\debug\link.6420-rc.write.1.tlog
c:\users\sam\desktop\wow_risk_ki_project\wow_risk_ki_project\debug\link.6420.read.1.tlog
c:\users\sam\desktop\wow_risk_ki_project\wow_risk_ki_project\debug\link.6420.write.1.tlog
c:\users\sam\desktop\wow_risk_ki_project\wow_risk_ki_project\debug\link.6432-cvtres.read.1.tlog
c:\users\sam\desktop\wow_risk_ki_project\wow_risk_ki_project\debug\link.6432-cvtres.write.1.tlog
c:\users\sam\desktop\wow_risk_ki_project\wow_risk_ki_project\debug\link.6432-rc.read.1.tlog
c:\users\sam\desktop\wow_risk_ki_project\wow_risk_ki_project\debug\link.6432-rc.write.1.tlog
c:\users\sam\desktop\wow_risk_ki_project\wow_risk_ki_project\debug\link.6432.read.1.tlog
c:\users\sam\desktop\wow_risk_ki_project\wow_risk_ki_project\debug\link.6432.write.1.tlog
c:\users\sam\desktop\wow_risk_ki_project\wow_risk_ki_project\debug\link.6464-cvtres.read.1.tlog
c:\users\sam\desktop\wow_risk_ki_project\wow_risk_ki_project\debug\link.6464-cvtres.write.1.tlog
c:\users\sam\desktop\wow_risk_ki_project\wow_risk_ki_project\debug\link.6464-rc.read.1.tlog
c:\users\sam\desktop\wow_risk_ki_project\wow_risk_ki_project\debug\link.6464-rc.write.1.tlog
c:\users\sam\desktop\wow_risk_ki_project\wow_risk_ki_project\debug\link.6464.read.1.tlog
c:\users\sam\desktop\wow_risk_ki_project\wow_risk_ki_project\debug\link.6464.write.1.tlog
c:\users\sam\desktop\wow_risk_ki_project\wow_risk_ki_project\debug\link.6468-cvtres.read.1.tlog
c:\users\sam\desktop\wow_risk_ki_project\wow_risk_ki_project\debug\link.6468-cvtres.write.1.tlog
c:\users\sam\desktop\wow_risk_ki_project\wow_risk_ki_project\debug\link.6468-rc.read.1.tlog
c:\users\sam\desktop\wow_risk_ki_project\wow_risk_ki_project\debug\link.6468-rc.write.1.tlog
c:\users\sam\desktop\wow_risk_ki_project\wow_risk_ki_project\debug\link.6468.read.1.tlog
c:\users\sam\desktop\wow_risk_ki_project\wow_risk_ki_project\debug\link.6468.write.1.tlog
c:\users\sam\desktop\wow_risk_ki_project\wow_risk_ki_project\debug\link.6492-cvtres.read.1.tlog
c:\users\sam\desktop\wow_risk_ki_project\wow_risk_ki_project\debug\link.6492-cvtres.write.1.tlog
c:\users\sam\desktop\wow_risk_ki_project\wow_risk_ki_project\debug\link.6492-rc.read.1.tlog
c:\users\sam\desktop\wow_risk_ki_project\wow_risk_ki_project\debug\link.6492-rc.write.1.tlog
c:\users\sam\desktop\wow_risk_ki_project\wow_risk_ki_project\debug\link.6492.read.1.tlog
c:\users\sam\desktop\wow_risk_ki_project\wow_risk_ki_project\debug\link.6492.write.1.tlog
c:\users\sam\desktop\wow_risk_ki_project\wow_risk_ki_project\debug\link.6500-cvtres.read.1.tlog
c:\users\sam\desktop\wow_risk_ki_project\wow_risk_ki_project\debug\link.6500-cvtres.write.1.tlog
c:\users\sam\desktop\wow_risk_ki_project\wow_risk_ki_project\debug\link.6500-rc.read.1.tlog
c:\users\sam\desktop\wow_risk_ki_project\wow_risk_ki_project\debug\link.6500-rc.write.1.tlog
c:\users\sam\desktop\wow_risk_ki_project\wow_risk_ki_project\debug\link.6500.read.1.tlog
c:\users\sam\desktop\wow_risk_ki_project\wow_risk_ki_project\debug\link.6500.write.1.tlog
c:\users\sam\desktop\wow_risk_ki_project\wow_risk_ki_project\debug\link.6524-cvtres.read.1.tlog
c:\users\sam\desktop\wow_risk_ki_project\wow_risk_ki_project\debug\link.6524-cvtres.write.1.tlog
c:\users\sam\desktop\wow_risk_ki_project\wow_risk_ki_project\debug\link.6524-rc.read.1.tlog
c:\users\sam\desktop\wow_risk_ki_project\wow_risk_ki_project\debug\link.6524-rc.write.1.tlog
c:\users\sam\desktop\wow_risk_ki_project\wow_risk_ki_project\debug\link.6524.read.1.tlog
c:\users\sam\desktop\wow_risk_ki_project\wow_risk_ki_project\debug\link.6524.write.1.tlog
c:\users\sam\desktop\wow_risk_ki_project\wow_risk_ki_project\debug\link.6548-cvtres.read.1.tlog
c:\users\sam\desktop\wow_risk_ki_project\wow_risk_ki_project\debug\link.6548-cvtres.write.1.tlog
c:\users\sam\desktop\wow_risk_ki_project\wow_risk_ki_project\debug\link.6548-rc.read.1.tlog
c:\users\sam\desktop\wow_risk_ki_project\wow_risk_ki_project\debug\link.6548-rc.write.1.tlog
c:\users\sam\desktop\wow_risk_ki_project\wow_risk_ki_project\debug\link.6548.read.1.tlog
c:\users\sam\desktop\wow_risk_ki_project\wow_risk_ki_project\debug\link.6548.write.1.tlog
c:\users\sam\desktop\wow_risk_ki_project\wow_risk_ki_project\debug\link.6580-cvtres.read.1.tlog
c:\users\sam\desktop\wow_risk_ki_project\wow_risk_ki_project\debug\link.6580-cvtres.write.1.tlog
c:\users\sam\desktop\wow_risk_ki_project\wow_risk_ki_project\debug\link.6580-rc.read.1.tlog
c:\users\sam\desktop\wow_risk_ki_project\wow_risk_ki_project\debug\link.6580-rc.write.1.tlog
c:\users\sam\desktop\wow_risk_ki_project\wow_risk_ki_project\debug\link.6580.read.1.tlog
c:\users\sam\desktop\wow_risk_ki_project\wow_risk_ki_project\debug\link.6580.write.1.tlog
c:\users\sam\desktop\wow_risk_ki_project\wow_risk_ki_project\debug\link.6592-cvtres.read.1.tlog
c:\users\sam\desktop\wow_risk_ki_project\wow_risk_ki_project\debug\link.6592-cvtres.write.1.tlog
c:\users\sam\desktop\wow_risk_ki_project\wow_risk_ki_project\debug\link.6592-rc.read.1.tlog
c:\users\sam\desktop\wow_risk_ki_project\wow_risk_ki_project\debug\link.6592-rc.write.1.tlog
c:\users\sam\desktop\wow_risk_ki_project\wow_risk_ki_project\debug\link.6592.read.1.tlog
c:\users\sam\desktop\wow_risk_ki_project\wow_risk_ki_project\debug\link.6592.write.1.tlog
c:\users\sam\desktop\wow_risk_ki_project\wow_risk_ki_project\debug\link.6648-cvtres.read.1.tlog
c:\users\sam\desktop\wow_risk_ki_project\wow_risk_ki_project\debug\link.6648-cvtres.write.1.tlog
c:\users\sam\desktop\wow_risk_ki_project\wow_risk_ki_project\debug\link.6648-rc.read.1.tlog
c:\users\sam\desktop\wow_risk_ki_project\wow_risk_ki_project\debug\link.6648-rc.write.1.tlog
c:\users\sam\desktop\wow_risk_ki_project\wow_risk_ki_project\debug\link.6648.read.1.tlog
c:\users\sam\desktop\wow_risk_ki_project\wow_risk_ki_project\debug\link.6648.write.1.tlog
c:\users\sam\desktop\wow_risk_ki_project\wow_risk_ki_project\debug\link.6660-cvtres.read.1.tlog
c:\users\sam\desktop\wow_risk_ki_project\wow_risk_ki_project\debug\link.6660-cvtres.write.1.tlog
c:\users\sam\desktop\wow_risk_ki_project\wow_risk_ki_project\debug\link.6660-rc.read.1.tlog
c:\users\sam\desktop\wow_risk_ki_project\wow_risk_ki_project\debug\link.6660-rc.write.1.tlog
c:\users\sam\desktop\wow_risk_ki_project\wow_risk_ki_project\debug\link.6660.read.1.tlog
c:\users\sam\desktop\wow_risk_ki_project\wow_risk_ki_project\debug\link.6660.write.1.tlog
c:\users\sam\desktop\wow_risk_ki_project\wow_risk_ki_project\debug\link.6672-cvtres.read.1.tlog
c:\users\sam\desktop\wow_risk_ki_project\wow_risk_ki_project\debug\link.6672-cvtres.write.1.tlog
c:\users\sam\desktop\wow_risk_ki_project\wow_risk_ki_project\debug\link.6672-rc.read.1.tlog
c:\users\sam\desktop\wow_risk_ki_project\wow_risk_ki_project\debug\link.6672-rc.write.1.tlog
c:\users\sam\desktop\wow_risk_ki_project\wow_risk_ki_project\debug\link.6672.read.1.tlog
c:\users\sam\desktop\wow_risk_ki_project\wow_risk_ki_project\debug\link.6672.write.1.tlog
c:\users\sam\desktop\wow_risk_ki_project\wow_risk_ki_project\debug\link.6752-cvtres.read.1.tlog
c:\users\sam\desktop\wow_risk_ki_project\wow_risk_ki_project\debug\link.6752-cvtres.write.1.tlog
c:\users\sam\desktop\wow_risk_ki_project\wow_risk_ki_project\debug\link.6752-rc.read.1.tlog
c:\users\sam\desktop\wow_risk_ki_project\wow_risk_ki_project\debug\link.6752-rc.write.1.tlog
c:\users\sam\desktop\wow_risk_ki_project\wow_risk_ki_project\debug\link.6752.read.1.tlog
c:\users\sam\desktop\wow_risk_ki_project\wow_risk_ki_project\debug\link.6752.write.1.tlog
c:\users\sam\desktop\wow_risk_ki_project\wow_risk_ki_project\debug\link.6808-cvtres.read.1.tlog
c:\users\sam\desktop\wow_risk_ki_project\wow_risk_ki_project\debug\link.6808-cvtres.write.1.tlog
c:\users\sam\desktop\wow_risk_ki_project\wow_risk_ki_project\debug\link.6808-rc.read.1.tlog
c:\users\sam\desktop\wow_risk_ki_project\wow_risk_ki_project\debug\link.6808-rc.write.1.tlog
c:\users\sam\desktop\wow_risk_ki_project\wow_risk_ki_project\debug\link.6808.read.1.tlog
c:\users\sam\desktop\wow_risk_ki_project\wow_risk_ki_project\debug\link.6808.write.1.tlog
c:\users\sam\desktop\wow_risk_ki_project\wow_risk_ki_project\debug\link.6820-cvtres.read.1.tlog
c:\users\sam\desktop\wow_risk_ki_project\wow_risk_ki_project\debug\link.6820-cvtres.write.1.tlog
c:\users\sam\desktop\wow_risk_ki_project\wow_risk_ki_project\debug\link.6820-rc.read.1.tlog
c:\users\sam\desktop\wow_risk_ki_project\wow_risk_ki_project\debug\link.6820-rc.write.1.tlog
c:\users\sam\desktop\wow_risk_ki_project\wow_risk_ki_project\debug\link.6820.read.1.tlog
c:\users\sam\desktop\wow_risk_ki_project\wow_risk_ki_project\debug\link.6820.write.1.tlog
c:\users\sam\desktop\wow_risk_ki_project\wow_risk_ki_project\debug\link.6832-cvtres.read.1.tlog
c:\users\sam\desktop\wow_risk_ki_project\wow_risk_ki_project\debug\link.6832-cvtres.write.1.tlog
c:\users\sam\desktop\wow_risk_ki_project\wow_risk_ki_project\debug\link.6832-rc.read.1.tlog
c:\users\sam\desktop\wow_risk_ki_project\wow_risk_ki_project\debug\link.6832-rc.write.1.tlog
c:\users\sam\desktop\wow_risk_ki_project\wow_risk_ki_project\debug\link.6832.read.1.tlog
c:\users\sam\desktop\wow_risk_ki_project\wow_risk_ki_project\debug\link.6832.write.1.tlog
c:\users\sam\desktop\wow_risk_ki_project\wow_risk_ki_project\debug\link.6848-cvtres.read.1.tlog
c:\users\sam\desktop\wow_risk_ki_project\wow_risk_ki_project\debug\link.6848-cvtres.write.1.tlog
c:\users\sam\desktop\wow_risk_ki_project\wow_risk_ki_project\debug\link.6848-rc.read.1.tlog
c:\users\sam\desktop\wow_risk_ki_project\wow_risk_ki_project\debug\link.6848-rc.write.1.tlog
c:\users\sam\desktop\wow_risk_ki_project\wow_risk_ki_project\debug\link.6848.read.1.tlog
c:\users\sam\desktop\wow_risk_ki_project\wow_risk_ki_project\debug\link.6848.write.1.tlog
c:\users\sam\desktop\wow_risk_ki_project\wow_risk_ki_project\debug\link.6852-cvtres.read.1.tlog
c:\users\sam\desktop\wow_risk_ki_project\wow_risk_ki_project\debug\link.6852-cvtres.write.1.tlog
c:\users\sam\desktop\wow_risk_ki_project\wow_risk_ki_project\debug\link.6852-rc.read.1.tlog
c:\users\sam\desktop\wow_risk_ki_project\wow_risk_ki_project\debug\link.6852-rc.write.1.tlog
c:\users\sam\desktop\wow_risk_ki_project\wow_risk_ki_project\debug\link.6852.read.1.tlog
c:\users\sam\desktop\wow_risk_ki_project\wow_risk_ki_project\debug\link.6852.write.1.tlog
c:\users\sam\desktop\wow_risk_ki_project\wow_risk_ki_project\debug\link.6892-cvtres.read.1.tlog
c:\users\sam\desktop\wow_risk_ki_project\wow_risk_ki_project\debug\link.6892-cvtres.write.1.tlog
c:\users\sam\desktop\wow_risk_ki_project\wow_risk_ki_project\debug\link.6892-rc.read.1.tlog
c:\users\sam\desktop\wow_risk_ki_project\wow_risk_ki_project\debug\link.6892-rc.write.1.tlog
c:\users\sam\desktop\wow_risk_ki_project\wow_risk_ki_project\debug\link.6892.read.1.tlog
c:\users\sam\desktop\wow_risk_ki_project\wow_risk_ki_project\debug\link.6892.write.1.tlog
c:\users\sam\desktop\wow_risk_ki_project\wow_risk_ki_project\debug\link.6988-cvtres.read.1.tlog
c:\users\sam\desktop\wow_risk_ki_project\wow_risk_ki_project\debug\link.6988-cvtres.write.1.tlog
c:\users\sam\desktop\wow_risk_ki_project\wow_risk_ki_project\debug\link.6988-rc.read.1.tlog
c:\users\sam\desktop\wow_risk_ki_project\wow_risk_ki_project\debug\link.6988-rc.write.1.tlog
c:\users\sam\desktop\wow_risk_ki_project\wow_risk_ki_project\debug\link.6988.read.1.tlog
c:\users\sam\desktop\wow_risk_ki_project\wow_risk_ki_project\debug\link.6988.write.1.tlog
c:\users\sam\desktop\wow_risk_ki_project\wow_risk_ki_project\debug\link.7044-cvtres.read.1.tlog
c:\users\sam\desktop\wow_risk_ki_project\wow_risk_ki_project\debug\link.7044-cvtres.write.1.tlog
c:\users\sam\desktop\wow_risk_ki_project\wow_risk_ki_project\debug\link.7044-rc.read.1.tlog
c:\users\sam\desktop\wow_risk_ki_project\wow_risk_ki_project\debug\link.7044-rc.write.1.tlog
c:\users\sam\desktop\wow_risk_ki_project\wow_risk_ki_project\debug\link.7044.read.1.tlog
c:\users\sam\desktop\wow_risk_ki_project\wow_risk_ki_project\debug\link.7044.write.1.tlog
c:\users\sam\desktop\wow_risk_ki_project\wow_risk_ki_project\debug\link.7056-cvtres.read.1.tlog
c:\users\sam\desktop\wow_risk_ki_project\wow_risk_ki_project\debug\link.7056-cvtres.write.1.tlog
c:\users\sam\desktop\wow_risk_ki_project\wow_risk_ki_project\debug\link.7056-rc.read.1.tlog
c:\users\sam\desktop\wow_risk_ki_project\wow_risk_ki_project\debug\link.7056-rc.write.1.tlog
c:\users\sam\desktop\wow_risk_ki_project\wow_risk_ki_project\debug\link.7056.read.1.tlog
c:\users\sam\desktop\wow_risk_ki_project\wow_risk_ki_project\debug\link.7056.write.1.tlog
c:\users\sam\desktop\wow_risk_ki_project\wow_risk_ki_project\debug\link.7064-cvtres.read.1.tlog
c:\users\sam\desktop\wow_risk_ki_project\wow_risk_ki_project\debug\link.7064-cvtres.write.1.tlog
c:\users\sam\desktop\wow_risk_ki_project\wow_risk_ki_project\debug\link.7064-rc.read.1.tlog
c:\users\sam\desktop\wow_risk_ki_project\wow_risk_ki_project\debug\link.7064-rc.write.1.tlog
c:\users\sam\desktop\wow_risk_ki_project\wow_risk_ki_project\debug\link.7064.read.1.tlog
c:\users\sam\desktop\wow_risk_ki_project\wow_risk_ki_project\debug\link.7064.write.1.tlog
c:\users\sam\desktop\wow_risk_ki_project\wow_risk_ki_project\debug\link.7108-cvtres.read.1.tlog
c:\users\sam\desktop\wow_risk_ki_project\wow_risk_ki_project\debug\link.7108-cvtres.write.1.tlog
c:\users\sam\desktop\wow_risk_ki_project\wow_risk_ki_project\debug\link.7108-rc.read.1.tlog
c:\users\sam\desktop\wow_risk_ki_project\wow_risk_ki_project\debug\link.7108-rc.write.1.tlog
c:\users\sam\desktop\wow_risk_ki_project\wow_risk_ki_project\debug\link.7108.read.1.tlog
c:\users\sam\desktop\wow_risk_ki_project\wow_risk_ki_project\debug\link.7108.write.1.tlog
c:\users\sam\desktop\wow_risk_ki_project\wow_risk_ki_project\debug\link.7140-cvtres.read.1.tlog
c:\users\sam\desktop\wow_risk_ki_project\wow_risk_ki_project\debug\link.7140-cvtres.write.1.tlog
c:\users\sam\desktop\wow_risk_ki_project\wow_risk_ki_project\debug\link.7140-rc.read.1.tlog
c:\users\sam\desktop\wow_risk_ki_project\wow_risk_ki_project\debug\link.7140-rc.write.1.tlog
c:\users\sam\desktop\wow_risk_ki_project\wow_risk_ki_project\debug\link.7140.read.1.tlog
c:\users\sam\desktop\wow_risk_ki_project\wow_risk_ki_project\debug\link.7140.write.1.tlog
c:\users\sam\desktop\wow_risk_ki_project\wow_risk_ki_project\debug\link.7184-cvtres.read.1.tlog
c:\users\sam\desktop\wow_risk_ki_project\wow_risk_ki_project\debug\link.7184-cvtres.write.1.tlog
c:\users\sam\desktop\wow_risk_ki_project\wow_risk_ki_project\debug\link.7184-rc.read.1.tlog
c:\users\sam\desktop\wow_risk_ki_project\wow_risk_ki_project\debug\link.7184-rc.write.1.tlog
c:\users\sam\desktop\wow_risk_ki_project\wow_risk_ki_project\debug\link.7184.read.1.tlog
c:\users\sam\desktop\wow_risk_ki_project\wow_risk_ki_project\debug\link.7184.write.1.tlog
c:\users\sam\desktop\wow_risk_ki_project\wow_risk_ki_project\debug\link.7368-cvtres.read.1.tlog
c:\users\sam\desktop\wow_risk_ki_project\wow_risk_ki_project\debug\link.7368-cvtres.write.1.tlog
c:\users\sam\desktop\wow_risk_ki_project\wow_risk_ki_project\debug\link.7368-rc.read.1.tlog
c:\users\sam\desktop\wow_risk_ki_project\wow_risk_ki_project\debug\link.7368-rc.write.1.tlog
c:\users\sam\desktop\wow_risk_ki_project\wow_risk_ki_project\debug\link.7368.read.1.tlog
c:\users\sam\desktop\wow_risk_ki_project\wow_risk_ki_project\debug\link.7368.write.1.tlog
c:\users\sam\desktop\wow_risk_ki_project\wow_risk_ki_project\debug\link.7432-cvtres.read.1.tlog
c:\users\sam\desktop\wow_risk_ki_project\wow_risk_ki_project\debug\link.7432-cvtres.write.1.tlog
c:\users\sam\desktop\wow_risk_ki_project\wow_risk_ki_project\debug\link.7432-rc.read.1.tlog
c:\users\sam\desktop\wow_risk_ki_project\wow_risk_ki_project\debug\link.7432-rc.write.1.tlog
c:\users\sam\desktop\wow_risk_ki_project\wow_risk_ki_project\debug\link.7432.read.1.tlog
c:\users\sam\desktop\wow_risk_ki_project\wow_risk_ki_project\debug\link.7432.write.1.tlog
c:\users\sam\desktop\wow_risk_ki_project\wow_risk_ki_project\debug\link.7536-cvtres.read.1.tlog
c:\users\sam\desktop\wow_risk_ki_project\wow_risk_ki_project\debug\link.7536-cvtres.write.1.tlog
c:\users\sam\desktop\wow_risk_ki_project\wow_risk_ki_project\debug\link.7536-rc.read.1.tlog
c:\users\sam\desktop\wow_risk_ki_project\wow_risk_ki_project\debug\link.7536-rc.write.1.tlog
c:\users\sam\desktop\wow_risk_ki_project\wow_risk_ki_project\debug\link.7536.read.1.tlog
c:\users\sam\desktop\wow_risk_ki_project\wow_risk_ki_project\debug\link.7536.write.1.tlog
c:\users\sam\desktop\wow_risk_ki_project\wow_risk_ki_project\debug\link.7560-cvtres.read.1.tlog
c:\users\sam\desktop\wow_risk_ki_project\wow_risk_ki_project\debug\link.7560-cvtres.write.1.tlog
c:\users\sam\desktop\wow_risk_ki_project\wow_risk_ki_project\debug\link.7560-rc.read.1.tlog
c:\users\sam\desktop\wow_risk_ki_project\wow_risk_ki_project\debug\link.7560-rc.write.1.tlog
c:\users\sam\desktop\wow_risk_ki_project\wow_risk_ki_project\debug\link.7560.read.1.tlog
c:\users\sam\desktop\wow_risk_ki_project\wow_risk_ki_project\debug\link.7560.write.1.tlog
c:\users\sam\desktop\wow_risk_ki_project\wow_risk_ki_project\debug\link.7632-cvtres.read.1.tlog
c:\users\sam\desktop\wow_risk_ki_project\wow_risk_ki_project\debug\link.7632-cvtres.write.1.tlog
c:\users\sam\desktop\wow_risk_ki_project\wow_risk_ki_project\debug\link.7632-rc.read.1.tlog
c:\users\sam\desktop\wow_risk_ki_project\wow_risk_ki_project\debug\link.7632-rc.write.1.tlog
c:\users\sam\desktop\wow_risk_ki_project\wow_risk_ki_project\debug\link.7632.read.1.tlog
c:\users\sam\desktop\wow_risk_ki_project\wow_risk_ki_project\debug\link.7632.write.1.tlog
c:\users\sam\desktop\wow_risk_ki_project\wow_risk_ki_project\debug\link.7640-cvtres.read.1.tlog
c:\users\sam\desktop\wow_risk_ki_project\wow_risk_ki_project\debug\link.7640-cvtres.write.1.tlog
c:\users\sam\desktop\wow_risk_ki_project\wow_risk_ki_project\debug\link.7640-rc.read.1.tlog
c:\users\sam\desktop\wow_risk_ki_project\wow_risk_ki_project\debug\link.7640-rc.write.1.tlog
c:\users\sam\desktop\wow_risk_ki_project\wow_risk_ki_project\debug\link.7640.read.1.tlog
c:\users\sam\desktop\wow_risk_ki_project\wow_risk_ki_project\debug\link.7640.write.1.tlog
c:\users\sam\desktop\wow_risk_ki_project\wow_risk_ki_project\debug\link.7724-cvtres.read.1.tlog
c:\users\sam\desktop\wow_risk_ki_project\wow_risk_ki_project\debug\link.7724-cvtres.write.1.tlog
c:\users\sam\desktop\wow_risk_ki_project\wow_risk_ki_project\debug\link.7724-rc.read.1.tlog
c:\users\sam\desktop\wow_risk_ki_project\wow_risk_ki_project\debug\link.7724-rc.write.1.tlog
c:\users\sam\desktop\wow_risk_ki_project\wow_risk_ki_project\debug\link.7724.read.1.tlog
c:\users\sam\desktop\wow_risk_ki_project\wow_risk_ki_project\debug\link.7724.write.1.tlog
c:\users\sam\desktop\wow_risk_ki_project\wow_risk_ki_project\debug\link.7876-cvtres.read.1.tlog
c:\users\sam\desktop\wow_risk_ki_project\wow_risk_ki_project\debug\link.7876-cvtres.write.1.tlog
c:\users\sam\desktop\wow_risk_ki_project\wow_risk_ki_project\debug\link.7876-rc.read.1.tlog
c:\users\sam\desktop\wow_risk_ki_project\wow_risk_ki_project\debug\link.7876-rc.write.1.tlog
c:\users\sam\desktop\wow_risk_ki_project\wow_risk_ki_project\debug\link.7876.read.1.tlog
c:\users\sam\desktop\wow_risk_ki_project\wow_risk_ki_project\debug\link.7876.write.1.tlog
c:\users\sam\desktop\wow_risk_ki_project\wow_risk_ki_project\debug\link.8004-cvtres.read.1.tlog
c:\users\sam\desktop\wow_risk_ki_project\wow_risk_ki_project\debug\link.8004-cvtres.write.1.tlog
c:\users\sam\desktop\wow_risk_ki_project\wow_risk_ki_project\debug\link.8004-rc.read.1.tlog
c:\users\sam\desktop\wow_risk_ki_project\wow_risk_ki_project\debug\link.8004-rc.write.1.tlog
c:\users\sam\desktop\wow_risk_ki_project\wow_risk_ki_project\debug\link.8004.read.1.tlog
c:\users\sam\desktop\wow_risk_ki_project\wow_risk_ki_project\debug\link.8004.write.1.tlog
c:\users\sam\desktop\wow_risk_ki_project\wow_risk_ki_project\debug\link.8180-cvtres.read.1.tlog
c:\users\sam\desktop\wow_risk_ki_project\wow_risk_ki_project\debug\link.8180-cvtres.write.1.tlog
c:\users\sam\desktop\wow_risk_ki_project\wow_risk_ki_project\debug\link.8180-rc.read.1.tlog
c:\users\sam\desktop\wow_risk_ki_project\wow_risk_ki_project\debug\link.8180-rc.write.1.tlog
c:\users\sam\desktop\wow_risk_ki_project\wow_risk_ki_project\debug\link.8180.read.1.tlog
c:\users\sam\desktop\wow_risk_ki_project\wow_risk_ki_project\debug\link.8180.write.1.tlog
c:\users\sam\desktop\wow_risk_ki_project\wow_risk_ki_project\debug\link.command.1.tlog
c:\users\sam\desktop\wow_risk_ki_project\wow_risk_ki_project\debug\link.read.1.tlog
c:\users\sam\desktop\wow_risk_ki_project\wow_risk_ki_project\debug\link.write.1.tlog
c:\users\sam\desktop\wow_risk_ki_project\wow_risk_ki_project\debug\vc110.idb
c:\users\sam\desktop\wow_risk_ki_project\wow_risk_ki_project\debug\vc110.pdb
c:\users\sam\desktop\wow_risk_ki_project\debug\wow_risk_ki_project.pdb
c:\users\sam\desktop\wow_risk_ki_project\wow_risk_ki_project\debug\wow_risk.2dd5fe25.tlog\cl.command.1.tlog
c:\users\sam\desktop\wow_risk_ki_project\wow_risk_ki_project\debug\wow_risk.2dd5fe25.tlog\cl.read.1.tlog
c:\users\sam\desktop\wow_risk_ki_project\wow_risk_ki_project\debug\wow_risk.2dd5fe25.tlog\cl.write.1.tlog
c:\users\sam\desktop\wow_risk_ki_project\wow_risk_ki_project\debug\wow_risk.2dd5fe25.tlog\link-cvtres.read.1.tlog
c:\users\sam\desktop\wow_risk_ki_project\wow_risk_ki_project\debug\wow_risk.2dd5fe25.tlog\link-cvtres.write.1.tlog
c:\users\sam\desktop\wow_risk_ki_project\wow_risk_ki_project\debug\wow_risk.2dd5fe25.tlog\link-rc.read.1.tlog
c:\users\sam\desktop\wow_risk_ki_project\wow_risk_ki_project\debug\wow_risk.2dd5fe25.tlog\link-rc.write.1.tlog
c:\users\sam\desktop\wow_risk_ki_project\wow_risk_ki_project\debug\wow_risk.2dd5fe25.tlog\link.command.1.tlog
c:\users\sam\desktop\wow_risk_ki_project\wow_risk_ki_project\debug\wow_risk.2dd5fe25.tlog\link.read.1.tlog
c:\users\sam\desktop\wow_risk_ki_project\wow_risk_ki_project\debug\wow_risk.2dd5fe25.tlog\link.write.1.tlog
